<?xml version="1.0" encoding="UTF-8"?>
<!-- Generated by org.testng.reporters.JUnitReportReporter -->
<testsuite hostname="DESKTOP-V5L8S5D" name="BeanLoginTest.Regression.LoginPageUiTest" tests="1" failures="0" timestamp="19 Dec 2018 14:03:37 GMT" time="20.430" errors="0">
  <testcase name="testLoginUi" time="20.430" classname="BeanLoginTest.Regression.LoginPageUiTest"/>
</testsuite> <!-- BeanLoginTest.Regression.LoginPageUiTest -->
