<?xml version="1.0" encoding="UTF-8"?>
<!-- Generated by org.testng.reporters.JUnitReportReporter -->
<testsuite hostname="DESKTOP-V5L8S5D" name="BeanLoginTest.Regression.forgotPasswordUiTest" tests="1" failures="0" timestamp="19 Dec 2018 14:12:04 GMT" time="22.981" errors="0">
  <testcase name="testForgotPassUi" time="22.981" classname="BeanLoginTest.Regression.forgotPasswordUiTest"/>
</testsuite> <!-- BeanLoginTest.Regression.forgotPasswordUiTest -->
