<?xml version="1.0" encoding="UTF-8"?>
<!-- Generated by org.testng.reporters.JUnitReportReporter -->
<testsuite hostname="DESKTOP-V5L8S5D" name="regression.ForgotPasswordEmailValidationTest" tests="12" failures="0" timestamp="12 Dec 2018 14:06:37 GMT" time="40.994" errors="0">
  <testcase name="testpasswordvalidation" time="3.052" classname="regression.ForgotPasswordEmailValidationTest"/>
  <testcase name="testpasswordvalidation" time="2.851" classname="regression.ForgotPasswordEmailValidationTest"/>
  <testcase name="testpasswordvalidation" time="3.393" classname="regression.ForgotPasswordEmailValidationTest"/>
  <testcase name="testpasswordvalidation" time="2.962" classname="regression.ForgotPasswordEmailValidationTest"/>
  <testcase name="testpasswordvalidation" time="8.762" classname="regression.ForgotPasswordEmailValidationTest"/>
  <testcase name="testpasswordvalidation" time="2.918" classname="regression.ForgotPasswordEmailValidationTest"/>
  <testcase name="testpasswordvalidation" time="2.667" classname="regression.ForgotPasswordEmailValidationTest"/>
  <testcase name="testpasswordvalidation" time="3.218" classname="regression.ForgotPasswordEmailValidationTest"/>
  <testcase name="testpasswordvalidation" time="2.759" classname="regression.ForgotPasswordEmailValidationTest"/>
  <testcase name="testpasswordvalidation" time="2.898" classname="regression.ForgotPasswordEmailValidationTest"/>
  <testcase name="testpasswordvalidation" time="2.725" classname="regression.ForgotPasswordEmailValidationTest"/>
  <testcase name="testpasswordvalidation" time="2.789" classname="regression.ForgotPasswordEmailValidationTest"/>
</testsuite> <!-- regression.ForgotPasswordEmailValidationTest -->
