<?xml version="1.0" encoding="UTF-8"?>
<!-- Generated by org.testng.reporters.JUnitReportReporter -->
<testsuite hostname="DESKTOP-V5L8S5D" name="regression.RegistrationFuctionalityTest" tests="1" failures="0" timestamp="4 Dec 2018 15:23:32 GMT" time="103.683" errors="0">
  <testcase name="testRegistrationFunctinalityWithCafe" time="103.683" classname="regression.RegistrationFuctionalityTest"/>
</testsuite> <!-- regression.RegistrationFuctionalityTest -->
