<?xml version="1.0" encoding="UTF-8"?>
<!-- Generated by org.testng.reporters.JUnitReportReporter -->
<testsuite hostname="DESKTOP-V5L8S5D" name="regression.LoginValidationwithValidEmail" tests="4" failures="0" timestamp="10 Dec 2018 07:23:32 GMT" time="54.958" errors="0">
  <testcase name="testLoginValidationWithPostiveEmail" time="2.663" classname="regression.LoginValidationwithValidEmail"/>
  <testcase name="testLoginValidationWithPostiveEmail" time="3.229" classname="regression.LoginValidationwithValidEmail"/>
  <testcase name="testLoginValidationWithPostiveEmail" time="2.972" classname="regression.LoginValidationwithValidEmail"/>
  <testcase name="registration" time="46.094" classname="regression.LoginValidationwithValidEmail"/>
</testsuite> <!-- regression.LoginValidationwithValidEmail -->
