<?xml version="1.0" encoding="UTF-8"?>
<!-- Generated by org.testng.reporters.JUnitReportReporter -->
<testsuite hostname="DESKTOP-V5L8S5D" name="regression.ForgotPasswordUiTest" tests="1" failures="0" timestamp="3 Dec 2018 11:52:44 GMT" time="15.258" errors="0">
  <testcase name="testForgotPassUi" time="15.258" classname="regression.ForgotPasswordUiTest"/>
</testsuite> <!-- regression.ForgotPasswordUiTest -->
