<?xml version="1.0" encoding="UTF-8"?>
<!-- Generated by org.testng.reporters.JUnitReportReporter -->
<testsuite hostname="DESKTOP-V5L8S5D" name="regression.ForgotPasswordUiTest" tests="1" failures="0" timestamp="12 Dec 2018 13:44:24 GMT" time="15.882" errors="0">
  <testcase name="testForgotPassUi" time="15.882" classname="regression.ForgotPasswordUiTest"/>
</testsuite> <!-- regression.ForgotPasswordUiTest -->
