<?xml version="1.0" encoding="UTF-8"?>
<!-- Generated by org.testng.reporters.JUnitReportReporter -->
<testsuite hostname="DESKTOP-V5L8S5D" name="regression.RegistrationFuctionalityActiveUserTest" tests="1" failures="0" timestamp="9 Dec 2018 18:32:12 GMT" time="80.350" errors="0">
  <testcase name="testRegistrationFunctinality" time="80.350" classname="regression.RegistrationFuctionalityActiveUserTest"/>
</testsuite> <!-- regression.RegistrationFuctionalityActiveUserTest -->
