<?xml version="1.0" encoding="UTF-8"?>
<!-- Generated by org.testng.reporters.JUnitReportReporter -->
<testsuite hostname="DESKTOP-V5L8S5D" name="regression.RegistrationPageUiTest" tests="1" failures="0" timestamp="9 Dec 2018 18:32:12 GMT" time="20.585" errors="0">
  <testcase name="testSignUpUi" time="20.585" classname="regression.RegistrationPageUiTest"/>
</testsuite> <!-- regression.RegistrationPageUiTest -->
