<?xml version="1.0" encoding="UTF-8"?>
<!-- Generated by org.testng.reporters.JUnitReportReporter -->
<testsuite hostname="DESKTOP-V5L8S5D" name="regression.RegistrationPasswordValidationTest" tests="14" failures="0" timestamp="12 Dec 2018 07:34:49 GMT" time="48.951" errors="0">
  <testcase name="testRegistrationValidationWithoutContinue" time="2.892" classname="regression.RegistrationPasswordValidationTest"/>
  <testcase name="testRegistrationValidationWithoutContinue" time="2.525" classname="regression.RegistrationPasswordValidationTest"/>
  <testcase name="testRegistrationValidationWithoutContinue" time="2.678" classname="regression.RegistrationPasswordValidationTest"/>
  <testcase name="testRegistrationValidationWithoutContinue" time="2.718" classname="regression.RegistrationPasswordValidationTest"/>
  <testcase name="testRegistrationValidationWithoutContinue" time="2.856" classname="regression.RegistrationPasswordValidationTest"/>
  <testcase name="testRegistrationValidationWithoutContinue" time="10.349" classname="regression.RegistrationPasswordValidationTest"/>
  <testcase name="testRegistrationValidationWithoutContinue" time="3.365" classname="regression.RegistrationPasswordValidationTest"/>
  <testcase name="testRegistrationValidationWithoutContinue" time="2.872" classname="regression.RegistrationPasswordValidationTest"/>
  <testcase name="testRegistrationValidationWithoutContinue" time="2.790" classname="regression.RegistrationPasswordValidationTest"/>
  <testcase name="testRegistrationValidationWithoutContinue" time="2.809" classname="regression.RegistrationPasswordValidationTest"/>
  <testcase name="testRegistrationValidationWithoutContinue" time="3.286" classname="regression.RegistrationPasswordValidationTest"/>
  <testcase name="testRegistrationValidationWithoutContinue" time="2.873" classname="regression.RegistrationPasswordValidationTest"/>
  <testcase name="testRegistrationValidationWithoutContinue" time="3.766" classname="regression.RegistrationPasswordValidationTest"/>
  <testcase name="testRegistrationValidationWithoutContinue" time="3.172" classname="regression.RegistrationPasswordValidationTest"/>
</testsuite> <!-- regression.RegistrationPasswordValidationTest -->
