<?xml version="1.0" encoding="UTF-8"?>
<!-- Generated by org.testng.reporters.JUnitReportReporter -->
<testsuite hostname="DESKTOP-V5L8S5D" name="regression.RegistrationValidationWithSubmit" tests="16" failures="0" timestamp="12 Dec 2018 07:12:14 GMT" time="94.328" errors="0">
  <testcase name="testRegistrationValidationWithSubmitButton" time="4.994" classname="regression.RegistrationValidationWithSubmit"/>
  <testcase name="testRegistrationValidationWithSubmitButton" time="4.522" classname="regression.RegistrationValidationWithSubmit"/>
  <testcase name="testRegistrationValidationWithSubmitButton" time="6.374" classname="regression.RegistrationValidationWithSubmit"/>
  <testcase name="testRegistrationValidationWithSubmitButton" time="5.200" classname="regression.RegistrationValidationWithSubmit"/>
  <testcase name="testRegistrationValidationWithSubmitButton" time="5.505" classname="regression.RegistrationValidationWithSubmit"/>
  <testcase name="testRegistrationValidationWithSubmitButton" time="5.601" classname="regression.RegistrationValidationWithSubmit"/>
  <testcase name="testRegistrationValidationWithSubmitButton" time="12.950" classname="regression.RegistrationValidationWithSubmit"/>
  <testcase name="testRegistrationValidationWithSubmitButton" time="5.523" classname="regression.RegistrationValidationWithSubmit"/>
  <testcase name="testRegistrationValidationWithSubmitButton" time="5.260" classname="regression.RegistrationValidationWithSubmit"/>
  <testcase name="testRegistrationValidationWithSubmitButton" time="5.374" classname="regression.RegistrationValidationWithSubmit"/>
  <testcase name="testRegistrationValidationWithSubmitButton" time="5.591" classname="regression.RegistrationValidationWithSubmit"/>
  <testcase name="testRegistrationValidationWithSubmitButton" time="5.434" classname="regression.RegistrationValidationWithSubmit"/>
  <testcase name="testRegistrationValidationWithSubmitButton" time="5.653" classname="regression.RegistrationValidationWithSubmit"/>
  <testcase name="testRegistrationValidationWithSubmitButton" time="5.519" classname="regression.RegistrationValidationWithSubmit"/>
  <testcase name="testRegistrationValidationWithSubmitButton" time="5.566" classname="regression.RegistrationValidationWithSubmit"/>
  <testcase name="testRegistrationValidationWithSubmitButton" time="5.262" classname="regression.RegistrationValidationWithSubmit"/>
</testsuite> <!-- regression.RegistrationValidationWithSubmit -->
