<?xml version="1.0" encoding="UTF-8"?>
<!-- Generated by org.testng.reporters.JUnitReportReporter -->
<testsuite hostname="DESKTOP-V5L8S5D" name="regression.LoginValidationWithInvalidEmail" tests="24" failures="0" timestamp="10 Dec 2018 06:38:57 GMT" time="144.684" errors="0">
  <testcase name="testLoginValidationWithContinueButton" time="2.417" classname="regression.LoginValidationWithInvalidEmail"/>
  <testcase name="testLoginValidationWithContinueButton" time="2.760" classname="regression.LoginValidationWithInvalidEmail"/>
  <testcase name="testLoginValidationWithContinueButton" time="2.179" classname="regression.LoginValidationWithInvalidEmail"/>
  <testcase name="testLoginValidationWithContinueButton" time="2.397" classname="regression.LoginValidationWithInvalidEmail"/>
  <testcase name="testLoginValidationWithContinueButton" time="2.095" classname="regression.LoginValidationWithInvalidEmail"/>
  <testcase name="testLoginValidationWithContinueButton" time="35.080" classname="regression.LoginValidationWithInvalidEmail"/>
  <testcase name="testLoginValidationWithContinueButton" time="2.674" classname="regression.LoginValidationWithInvalidEmail"/>
  <testcase name="testLoginValidationWithContinueButton" time="2.092" classname="regression.LoginValidationWithInvalidEmail"/>
  <testcase name="testLoginValidationWithContinueButton" time="2.145" classname="regression.LoginValidationWithInvalidEmail"/>
  <testcase name="testLoginValidationWithContinueButton" time="7.405" classname="regression.LoginValidationWithInvalidEmail"/>
  <testcase name="testLoginValidationWithContinueButton" time="2.074" classname="regression.LoginValidationWithInvalidEmail"/>
  <testcase name="testLoginValidationWithContinueButton" time="2.127" classname="regression.LoginValidationWithInvalidEmail"/>
  <testcase name="testLoginValidationWithContinueButton" time="54.280" classname="regression.LoginValidationWithInvalidEmail"/>
  <testcase name="testLoginValidationWithContinueButton" time="2.105" classname="regression.LoginValidationWithInvalidEmail"/>
  <testcase name="testLoginValidationWithContinueButton" time="2.401" classname="regression.LoginValidationWithInvalidEmail"/>
  <testcase name="testLoginValidationWithContinueButton" time="2.132" classname="regression.LoginValidationWithInvalidEmail"/>
  <testcase name="testLoginValidationWithContinueButton" time="2.543" classname="regression.LoginValidationWithInvalidEmail"/>
  <testcase name="testLoginValidationWithContinueButton" time="2.096" classname="regression.LoginValidationWithInvalidEmail"/>
  <testcase name="testLoginValidationWithContinueButton" time="2.330" classname="regression.LoginValidationWithInvalidEmail"/>
  <testcase name="testLoginValidationWithContinueButton" time="2.369" classname="regression.LoginValidationWithInvalidEmail"/>
  <testcase name="testLoginValidationWithContinueButton" time="2.255" classname="regression.LoginValidationWithInvalidEmail"/>
  <testcase name="testLoginValidationWithContinueButton" time="2.219" classname="regression.LoginValidationWithInvalidEmail"/>
  <testcase name="testLoginValidationWithContinueButton" time="2.312" classname="regression.LoginValidationWithInvalidEmail"/>
  <testcase name="testLoginValidationWithContinueButton" time="2.197" classname="regression.LoginValidationWithInvalidEmail"/>
</testsuite> <!-- regression.LoginValidationWithInvalidEmail -->
