<?xml version="1.0" encoding="UTF-8"?>
<!-- Generated by org.testng.reporters.JUnitReportReporter -->
<testsuite hostname="DESKTOP-V5L8S5D" name="regression.ForgotPasswordFunctinalityTest" tests="1" failures="0" timestamp="9 Dec 2018 18:32:12 GMT" time="165.894" errors="0">
  <testcase name="testForgotPassFunctinality" time="165.894" classname="regression.ForgotPasswordFunctinalityTest"/>
</testsuite> <!-- regression.ForgotPasswordFunctinalityTest -->
