<?xml version="1.0" encoding="UTF-8"?>
<!-- Generated by org.testng.reporters.JUnitReportReporter -->
<testsuite hostname="DESKTOP-V5L8S5D" name="regression.RegistrationFunctionalityInactiveUserTest" tests="1" failures="0" timestamp="9 Dec 2018 18:32:12 GMT" time="50.653" errors="0">
  <testcase name="testRegistrationInactiveFunctinality" time="50.653" classname="regression.RegistrationFunctionalityInactiveUserTest"/>
</testsuite> <!-- regression.RegistrationFunctionalityInactiveUserTest -->
