<?xml version="1.0" encoding="UTF-8"?>
<!-- Generated by org.testng.reporters.JUnitReportReporter -->
<testsuite hostname="DESKTOP-V5L8S5D" name="regression.LoginPageUiTest" tests="1" failures="0" timestamp="3 Dec 2018 11:09:32 GMT" time="17.741" errors="0">
  <testcase name="testLoginUi" time="17.741" classname="regression.LoginPageUiTest"/>
</testsuite> <!-- regression.LoginPageUiTest -->
