<?xml version="1.0" encoding="UTF-8"?>
<!-- Generated by org.testng.reporters.JUnitReportReporter -->
<testsuite hostname="DESKTOP-V5L8S5D" name="regression.SignUpPageUiTest" tests="1" failures="0" timestamp="4 Dec 2018 09:50:42 GMT" time="275.963" errors="0">
  <testcase name="testSignUpUi" time="275.963" classname="regression.SignUpPageUiTest"/>
</testsuite> <!-- regression.SignUpPageUiTest -->
