<?xml version="1.0" encoding="UTF-8"?>
<!-- Generated by org.testng.reporters.JUnitReportReporter -->
<testsuite hostname="DESKTOP-V5L8S5D" name="regression.RegistrationFunctionalityInactiveUserTest" tests="1" failures="0" timestamp="4 Dec 2018 16:13:30 GMT" time="104.766" errors="0">
  <testcase name="testRegistrationInactiveFunctinality" time="104.766" classname="regression.RegistrationFunctionalityInactiveUserTest"/>
</testsuite> <!-- regression.RegistrationFunctionalityInactiveUserTest -->
