<?xml version="1.0" encoding="UTF-8"?>
<!-- Generated by org.testng.reporters.JUnitReportReporter -->
<testsuite hostname="DESKTOP-V5L8S5D" name="regression.RegistratonEmailValidationForExistingUserTest" tests="1" failures="0" timestamp="12 Dec 2018 12:57:17 GMT" time="64.311" errors="0">
  <testcase name="testRegistrationFunctinality" time="64.311" classname="regression.RegistratonEmailValidationForExistingUserTest"/>
</testsuite> <!-- regression.RegistratonEmailValidationForExistingUserTest -->
