<?xml version="1.0" encoding="UTF-8"?>
<!-- Generated by org.testng.reporters.JUnitReportReporter -->
<testsuite hostname="DESKTOP-V5L8S5D" name="regression.LoginValidationWithInvalidPassword" tests="14" failures="0" timestamp="10 Dec 2018 06:50:14 GMT" time="36.554" errors="0">
  <testcase name="testLoginValidationWithInvalidPass" time="2.084" classname="regression.LoginValidationWithInvalidPassword"/>
  <testcase name="testLoginValidationWithInvalidPass" time="1.937" classname="regression.LoginValidationWithInvalidPassword"/>
  <testcase name="testLoginValidationWithInvalidPass" time="2.675" classname="regression.LoginValidationWithInvalidPassword"/>
  <testcase name="testLoginValidationWithInvalidPass" time="2.210" classname="regression.LoginValidationWithInvalidPassword"/>
  <testcase name="testLoginValidationWithInvalidPass" time="2.042" classname="regression.LoginValidationWithInvalidPassword"/>
  <testcase name="testLoginValidationWithInvalidPass" time="1.989" classname="regression.LoginValidationWithInvalidPassword"/>
  <testcase name="testLoginValidationWithInvalidPass" time="2.477" classname="regression.LoginValidationWithInvalidPassword"/>
  <testcase name="testLoginValidationWithInvalidPass" time="2.556" classname="regression.LoginValidationWithInvalidPassword"/>
  <testcase name="testLoginValidationWithInvalidPass" time="7.522" classname="regression.LoginValidationWithInvalidPassword"/>
  <testcase name="testLoginValidationWithInvalidPass" time="2.139" classname="regression.LoginValidationWithInvalidPassword"/>
  <testcase name="testLoginValidationWithInvalidPass" time="2.109" classname="regression.LoginValidationWithInvalidPassword"/>
  <testcase name="testLoginValidationWithInvalidPass" time="2.546" classname="regression.LoginValidationWithInvalidPassword"/>
  <testcase name="testLoginValidationWithInvalidPass" time="2.110" classname="regression.LoginValidationWithInvalidPassword"/>
  <testcase name="testLoginValidationWithInvalidPass" time="2.158" classname="regression.LoginValidationWithInvalidPassword"/>
</testsuite> <!-- regression.LoginValidationWithInvalidPassword -->
