<?xml version="1.0" encoding="UTF-8"?>
<!-- Generated by org.testng.reporters.JUnitReportReporter -->
<testsuite hostname="DESKTOP-V5L8S5D" name="regression.ResetPasswordValidationTest" tests="19" failures="0" timestamp="18 Dec 2018 13:57:07 GMT" time="226.779" errors="0">
  <testcase name="testLoginValidationWithPostiveEmail" time="2.470" classname="regression.ResetPasswordValidationTest"/>
  <testcase name="testLoginValidationWithPostiveEmail" time="2.573" classname="regression.ResetPasswordValidationTest"/>
  <testcase name="testLoginValidationWithPostiveEmail" time="2.279" classname="regression.ResetPasswordValidationTest"/>
  <testcase name="testLoginValidationWithPostiveEmail" time="2.163" classname="regression.ResetPasswordValidationTest"/>
  <testcase name="testLoginValidationWithPostiveEmail" time="3.155" classname="regression.ResetPasswordValidationTest"/>
  <testcase name="testLoginValidationWithPostiveEmail" time="3.269" classname="regression.ResetPasswordValidationTest"/>
  <testcase name="testLoginValidationWithPostiveEmail" time="2.211" classname="regression.ResetPasswordValidationTest"/>
  <testcase name="testLoginValidationWithPostiveEmail" time="2.265" classname="regression.ResetPasswordValidationTest"/>
  <testcase name="testLoginValidationWithPostiveEmail" time="3.061" classname="regression.ResetPasswordValidationTest"/>
  <testcase name="testLoginValidationWithPostiveEmail" time="2.700" classname="regression.ResetPasswordValidationTest"/>
  <testcase name="testLoginValidationWithPostiveEmail" time="2.306" classname="regression.ResetPasswordValidationTest"/>
  <testcase name="testLoginValidationWithPostiveEmail" time="2.345" classname="regression.ResetPasswordValidationTest"/>
  <testcase name="testLoginValidationWithPostiveEmail" time="2.233" classname="regression.ResetPasswordValidationTest"/>
  <testcase name="testLoginValidationWithPostiveEmail" time="2.071" classname="regression.ResetPasswordValidationTest"/>
  <testcase name="testLoginValidationWithPostiveEmail" time="2.418" classname="regression.ResetPasswordValidationTest"/>
  <testcase name="testLoginValidationWithPostiveEmail" time="2.511" classname="regression.ResetPasswordValidationTest"/>
  <testcase name="registration" time="181.328" classname="regression.ResetPasswordValidationTest"/>
  <testcase name="testLoginValidationWithPostiveEmail" time="2.852" classname="regression.ResetPasswordValidationTest"/>
  <testcase name="testLoginValidationWithPostiveEmail" time="2.569" classname="regression.ResetPasswordValidationTest"/>
</testsuite> <!-- regression.ResetPasswordValidationTest -->
