<?xml version="1.0" encoding="UTF-8"?>
<!-- Generated by org.testng.reporters.JUnitReportReporter -->
<testsuite hostname="DESKTOP-V5L8S5D" name="regression.ForgotPasswordUiTest" tests="1" failures="0" timestamp="18 Dec 2018 14:52:50 GMT" time="164.879" errors="0">
  <testcase name="testForgotPassUi" time="164.879" classname="regression.ForgotPasswordUiTest"/>
</testsuite> <!-- regression.ForgotPasswordUiTest -->
