<?xml version="1.0" encoding="UTF-8"?>
<!-- Generated by org.testng.reporters.JUnitReportReporter -->
<testsuite hostname="DESKTOP-V5L8S5D" name="regression.ForgotPasswordFunctinalityTest" tests="1" failures="0" timestamp="18 Dec 2018 13:57:07 GMT" time="242.865" errors="0">
  <testcase name="testForgotPassFunctinality" time="242.865" classname="regression.ForgotPasswordFunctinalityTest"/>
</testsuite> <!-- regression.ForgotPasswordFunctinalityTest -->
