<?xml version="1.0" encoding="UTF-8"?>
<!-- Generated by org.testng.reporters.JUnitReportReporter -->
<testsuite hostname="DESKTOP-V5L8S5D" name="regression.LoginValidationWithInvalidPassword" tests="14" failures="0" timestamp="18 Dec 2018 13:57:07 GMT" time="117.918" errors="0">
  <testcase name="testLoginValidationWithInvalidPass" time="5.471" classname="regression.LoginValidationWithInvalidPassword"/>
  <testcase name="testLoginValidationWithInvalidPass" time="21.059" classname="regression.LoginValidationWithInvalidPassword"/>
  <testcase name="testLoginValidationWithInvalidPass" time="7.247" classname="regression.LoginValidationWithInvalidPassword"/>
  <testcase name="testLoginValidationWithInvalidPass" time="7.751" classname="regression.LoginValidationWithInvalidPassword"/>
  <testcase name="testLoginValidationWithInvalidPass" time="9.618" classname="regression.LoginValidationWithInvalidPassword"/>
  <testcase name="testLoginValidationWithInvalidPass" time="4.561" classname="regression.LoginValidationWithInvalidPassword"/>
  <testcase name="testLoginValidationWithInvalidPass" time="4.388" classname="regression.LoginValidationWithInvalidPassword"/>
  <testcase name="testLoginValidationWithInvalidPass" time="10.787" classname="regression.LoginValidationWithInvalidPassword"/>
  <testcase name="testLoginValidationWithInvalidPass" time="7.006" classname="regression.LoginValidationWithInvalidPassword"/>
  <testcase name="testLoginValidationWithInvalidPass" time="5.411" classname="regression.LoginValidationWithInvalidPassword"/>
  <testcase name="testLoginValidationWithInvalidPass" time="9.785" classname="regression.LoginValidationWithInvalidPassword"/>
  <testcase name="testLoginValidationWithInvalidPass" time="15.321" classname="regression.LoginValidationWithInvalidPassword"/>
  <testcase name="testLoginValidationWithInvalidPass" time="4.758" classname="regression.LoginValidationWithInvalidPassword"/>
  <testcase name="testLoginValidationWithInvalidPass" time="4.755" classname="regression.LoginValidationWithInvalidPassword"/>
</testsuite> <!-- regression.LoginValidationWithInvalidPassword -->
