<?xml version="1.0" encoding="UTF-8"?>
<!-- Generated by org.testng.reporters.JUnitReportReporter -->
<testsuite hostname="DESKTOP-V5L8S5D" name="regression.ProfilePageUiTest" tests="1" failures="0" timestamp="19 Dec 2018 04:42:13 GMT" time="59.627" errors="0">
  <testcase name="testMyProfilePageUi" time="59.627" classname="regression.ProfilePageUiTest"/>
</testsuite> <!-- regression.ProfilePageUiTest -->
