<?xml version="1.0" encoding="UTF-8"?>
<!-- Generated by org.testng.reporters.JUnitReportReporter -->
<testsuite hostname="DESKTOP-V5L8S5D" name="regression.ForgotPasswordSecondaryMailPageUiTest" tests="2" failures="0" timestamp="19 Dec 2018 06:29:55 GMT" time="353.436" errors="0">
  <testcase name="registration" time="337.293" classname="regression.ForgotPasswordSecondaryMailPageUiTest"/>
  <testcase name="testForgotPassUi" time="16.143" classname="regression.ForgotPasswordSecondaryMailPageUiTest"/>
</testsuite> <!-- regression.ForgotPasswordSecondaryMailPageUiTest -->
