<?xml version="1.0" encoding="UTF-8"?>
<!-- Generated by org.testng.reporters.JUnitReportReporter -->
<testsuite hostname="DESKTOP-V5L8S5D" name="regression.RegistrationValidationWithSubmit" tests="16" failures="0" timestamp="18 Dec 2018 13:57:07 GMT" time="253.602" errors="0">
  <testcase name="testRegistrationValidationWithSubmitButton" time="13.487" classname="regression.RegistrationValidationWithSubmit"/>
  <testcase name="testRegistrationValidationWithSubmitButton" time="13.625" classname="regression.RegistrationValidationWithSubmit"/>
  <testcase name="testRegistrationValidationWithSubmitButton" time="27.990" classname="regression.RegistrationValidationWithSubmit"/>
  <testcase name="testRegistrationValidationWithSubmitButton" time="18.582" classname="regression.RegistrationValidationWithSubmit"/>
  <testcase name="testRegistrationValidationWithSubmitButton" time="19.802" classname="regression.RegistrationValidationWithSubmit"/>
  <testcase name="testRegistrationValidationWithSubmitButton" time="18.068" classname="regression.RegistrationValidationWithSubmit"/>
  <testcase name="testRegistrationValidationWithSubmitButton" time="10.978" classname="regression.RegistrationValidationWithSubmit"/>
  <testcase name="testRegistrationValidationWithSubmitButton" time="26.752" classname="regression.RegistrationValidationWithSubmit"/>
  <testcase name="testRegistrationValidationWithSubmitButton" time="6.391" classname="regression.RegistrationValidationWithSubmit"/>
  <testcase name="testRegistrationValidationWithSubmitButton" time="13.949" classname="regression.RegistrationValidationWithSubmit"/>
  <testcase name="testRegistrationValidationWithSubmitButton" time="18.701" classname="regression.RegistrationValidationWithSubmit"/>
  <testcase name="testRegistrationValidationWithSubmitButton" time="11.753" classname="regression.RegistrationValidationWithSubmit"/>
  <testcase name="testRegistrationValidationWithSubmitButton" time="6.617" classname="regression.RegistrationValidationWithSubmit"/>
  <testcase name="testRegistrationValidationWithSubmitButton" time="16.773" classname="regression.RegistrationValidationWithSubmit"/>
  <testcase name="testRegistrationValidationWithSubmitButton" time="13.224" classname="regression.RegistrationValidationWithSubmit"/>
  <testcase name="testRegistrationValidationWithSubmitButton" time="16.910" classname="regression.RegistrationValidationWithSubmit"/>
</testsuite> <!-- regression.RegistrationValidationWithSubmit -->
