<?xml version="1.0" encoding="UTF-8"?>
<!-- Generated by org.testng.reporters.JUnitReportReporter -->
<testsuite hostname="DESKTOP-V5L8S5D" name="regression.RegistratonEmailValidationForExistingUserTest" tests="1" failures="0" timestamp="18 Dec 2018 13:57:07 GMT" time="107.061" errors="0">
  <testcase name="testRegistrationValidationForExistingUser" time="107.061" classname="regression.RegistratonEmailValidationForExistingUserTest"/>
</testsuite> <!-- regression.RegistratonEmailValidationForExistingUserTest -->
