<?xml version="1.0" encoding="UTF-8"?>
<!-- Generated by org.testng.reporters.JUnitReportReporter -->
<testsuite hostname="DESKTOP-V5L8S5D" name="regression.RegistrationFunctionalityInactiveUserTest" tests="1" failures="0" timestamp="18 Dec 2018 13:57:07 GMT" time="68.181" errors="0">
  <testcase name="testRegistrationInactiveFunctinality" time="68.181" classname="regression.RegistrationFunctionalityInactiveUserTest"/>
</testsuite> <!-- regression.RegistrationFunctionalityInactiveUserTest -->
