<?xml version="1.0" encoding="UTF-8"?>
<!-- Generated by org.testng.reporters.JUnitReportReporter -->
<testsuite hostname="DESKTOP-V5L8S5D" name="regression.RegistrationPasswordValidationTest" tests="14" failures="0" timestamp="18 Dec 2018 13:57:07 GMT" time="165.310" errors="0">
  <testcase name="testRegistrationValidationWithoutContinue" time="8.169" classname="regression.RegistrationPasswordValidationTest"/>
  <testcase name="testRegistrationValidationWithoutContinue" time="9.389" classname="regression.RegistrationPasswordValidationTest"/>
  <testcase name="testRegistrationValidationWithoutContinue" time="12.991" classname="regression.RegistrationPasswordValidationTest"/>
  <testcase name="testRegistrationValidationWithoutContinue" time="14.359" classname="regression.RegistrationPasswordValidationTest"/>
  <testcase name="testRegistrationValidationWithoutContinue" time="8.318" classname="regression.RegistrationPasswordValidationTest"/>
  <testcase name="testRegistrationValidationWithoutContinue" time="14.619" classname="regression.RegistrationPasswordValidationTest"/>
  <testcase name="testRegistrationValidationWithoutContinue" time="8.495" classname="regression.RegistrationPasswordValidationTest"/>
  <testcase name="testRegistrationValidationWithoutContinue" time="7.897" classname="regression.RegistrationPasswordValidationTest"/>
  <testcase name="testRegistrationValidationWithoutContinue" time="13.158" classname="regression.RegistrationPasswordValidationTest"/>
  <testcase name="testRegistrationValidationWithoutContinue" time="8.810" classname="regression.RegistrationPasswordValidationTest"/>
  <testcase name="testRegistrationValidationWithoutContinue" time="33.850" classname="regression.RegistrationPasswordValidationTest"/>
  <testcase name="testRegistrationValidationWithoutContinue" time="9.494" classname="regression.RegistrationPasswordValidationTest"/>
  <testcase name="testRegistrationValidationWithoutContinue" time="6.223" classname="regression.RegistrationPasswordValidationTest"/>
  <testcase name="testRegistrationValidationWithoutContinue" time="9.538" classname="regression.RegistrationPasswordValidationTest"/>
</testsuite> <!-- regression.RegistrationPasswordValidationTest -->
