<?xml version="1.0" encoding="UTF-8"?>
<!-- Generated by org.testng.reporters.JUnitReportReporter -->
<testsuite hostname="DESKTOP-V5L8S5D" name="regression.LoginValidationWithInvalidEmail" tests="24" failures="0" timestamp="18 Dec 2018 13:57:07 GMT" time="194.146" errors="0">
  <testcase name="testLoginValidationWithInvalidEmail" time="5.614" classname="regression.LoginValidationWithInvalidEmail"/>
  <testcase name="testLoginValidationWithInvalidEmail" time="8.618" classname="regression.LoginValidationWithInvalidEmail"/>
  <testcase name="testLoginValidationWithInvalidEmail" time="4.748" classname="regression.LoginValidationWithInvalidEmail"/>
  <testcase name="testLoginValidationWithInvalidEmail" time="5.032" classname="regression.LoginValidationWithInvalidEmail"/>
  <testcase name="testLoginValidationWithInvalidEmail" time="10.388" classname="regression.LoginValidationWithInvalidEmail"/>
  <testcase name="testLoginValidationWithInvalidEmail" time="5.100" classname="regression.LoginValidationWithInvalidEmail"/>
  <testcase name="testLoginValidationWithInvalidEmail" time="4.252" classname="regression.LoginValidationWithInvalidEmail"/>
  <testcase name="testLoginValidationWithInvalidEmail" time="6.898" classname="regression.LoginValidationWithInvalidEmail"/>
  <testcase name="testLoginValidationWithInvalidEmail" time="4.383" classname="regression.LoginValidationWithInvalidEmail"/>
  <testcase name="testLoginValidationWithInvalidEmail" time="9.572" classname="regression.LoginValidationWithInvalidEmail"/>
  <testcase name="testLoginValidationWithInvalidEmail" time="5.973" classname="regression.LoginValidationWithInvalidEmail"/>
  <testcase name="testLoginValidationWithInvalidEmail" time="17.541" classname="regression.LoginValidationWithInvalidEmail"/>
  <testcase name="testLoginValidationWithInvalidEmail" time="5.158" classname="regression.LoginValidationWithInvalidEmail"/>
  <testcase name="testLoginValidationWithInvalidEmail" time="7.044" classname="regression.LoginValidationWithInvalidEmail"/>
  <testcase name="testLoginValidationWithInvalidEmail" time="6.464" classname="regression.LoginValidationWithInvalidEmail"/>
  <testcase name="testLoginValidationWithInvalidEmail" time="12.798" classname="regression.LoginValidationWithInvalidEmail"/>
  <testcase name="testLoginValidationWithInvalidEmail" time="5.101" classname="regression.LoginValidationWithInvalidEmail"/>
  <testcase name="testLoginValidationWithInvalidEmail" time="4.428" classname="regression.LoginValidationWithInvalidEmail"/>
  <testcase name="testLoginValidationWithInvalidEmail" time="10.934" classname="regression.LoginValidationWithInvalidEmail"/>
  <testcase name="testLoginValidationWithInvalidEmail" time="14.622" classname="regression.LoginValidationWithInvalidEmail"/>
  <testcase name="testLoginValidationWithInvalidEmail" time="14.477" classname="regression.LoginValidationWithInvalidEmail"/>
  <testcase name="testLoginValidationWithInvalidEmail" time="11.513" classname="regression.LoginValidationWithInvalidEmail"/>
  <testcase name="testLoginValidationWithInvalidEmail" time="7.011" classname="regression.LoginValidationWithInvalidEmail"/>
  <testcase name="testLoginValidationWithInvalidEmail" time="6.477" classname="regression.LoginValidationWithInvalidEmail"/>
</testsuite> <!-- regression.LoginValidationWithInvalidEmail -->
